\BOOKMARK [0][-]{chapter.1}{\376\377\000\040\000I\000n\000t\000r\000o\000d\000u\000c\000t\000i\000o\000n\000\040\000G\000\351\000n\000\351\000r\000a\000l\000e}{}% 1
\BOOKMARK [1][-]{section.1.1}{\376\377\000L\000a\000\040\000c\000y\000b\000e\000r\000s\000\351\000c\000u\000r\000i\000t\000\351\000\040}{chapter.1}% 2
\BOOKMARK [2][-]{subsection.1.1.1}{\376\377\000\040\000P\000o\000u\000r\000q\000u\000o\000i\000\040\000l\000a\000\040\000c\000y\000b\000e\000r\000s\000\351\000c\000u\000r\000i\000t\000\351\000\040\000e\000s\000t\000-\000e\000l\000l\000e\000\040\000i\000m\000p\000o\000r\000t\000a\000n\000t\000e\000\240\000?\000\040}{section.1.1}% 3
\BOOKMARK [1][-]{section.1.2}{\376\377\000\040\000Q\000u\000'\000e\000s\000t\000-\000c\000e\000\040\000q\000u\000'\000u\000n\000\040\000s\000e\000r\000v\000e\000u\000r\000\240\000?\000\040}{chapter.1}% 4
\BOOKMARK [2][-]{subsection.1.2.1}{\376\377\000\040\000L\000e\000s\000\040\000d\000\351\000f\000i\000s\000\040\000d\000e\000\040\000s\000\351\000c\000u\000r\000i\000t\000\351\000\040\000a\000s\000s\000o\000c\000i\000\351\000s\000\040\000a\000u\000x\000\040\000s\000e\000r\000v\000e\000u\000r\000s}{section.1.2}% 5
\BOOKMARK [2][-]{subsection.1.2.2}{\376\377\000L\000e\000s\000\040\000m\000e\000i\000l\000l\000e\000u\000r\000e\000s\000\040\000p\000r\000a\000t\000i\000q\000u\000e\000s\000\040\000p\000o\000u\000r\000\040\000s\000\351\000c\000u\000r\000i\000s\000e\000r\000\040\000l\000e\000s\000\040\000s\000e\000r\000v\000e\000u\000r\000s\000\040\000:}{section.1.2}% 6
\BOOKMARK [1][-]{section.1.3}{\376\377\000C\000o\000n\000t\000e\000x\000t\000e\000\040\000d\000e\000\040\000r\000e\000c\000h\000e\000r\000c\000h\000e\000\040}{chapter.1}% 7
\BOOKMARK [1][-]{section.1.4}{\376\377\000S\000o\000l\000u\000t\000i\000o\000n\000\040\000t\000e\000c\000h\000n\000i\000q\000u\000e}{chapter.1}% 8
\BOOKMARK [1][-]{section.1.5}{\376\377\000P\000r\000o\000b\000l\000\351\000m\000a\000t\000i\000q\000u\000e\000\040}{chapter.1}% 9
\BOOKMARK [1][-]{section.1.6}{\376\377\000M\000\351\000t\000h\000o\000d\000o\000l\000o\000g\000i\000e}{chapter.1}% 10
\BOOKMARK [1][-]{section.1.7}{\376\377\000\040\000T\000e\000c\000h\000n\000i\000q\000u\000e\000s\000\040}{chapter.1}% 11
\BOOKMARK [2][-]{subsection.1.7.1}{\376\377\000\040\000L\000a\000\040\000R\000e\000c\000h\000e\000r\000c\000h\000e\000\040\000s\000u\000r\000\040\000I\000n\000t\000e\000r\000n\000e\000t\000\040\000:}{section.1.7}% 12
\BOOKMARK [2][-]{subsection.1.7.2}{\376\377\000L\000a\000\040\000R\000e\000c\000h\000e\000r\000c\000h\000e\000\040\000D\000o\000c\000u\000m\000e\000n\000t\000a\000i\000r\000e\000\040\000:}{section.1.7}% 13
\BOOKMARK [2][-]{subsection.1.7.3}{\376\377\000\040\000L\000a\000\040\000R\000e\000c\000h\000e\000r\000c\000h\000e\000\040\000E\000x\000p\000\351\000r\000i\000m\000e\000n\000t\000a\000l\000e\000\040\000:}{section.1.7}% 14
\BOOKMARK [1][-]{section.1.8}{\376\377\000L\000i\000m\000i\000t\000a\000t\000i\000o\000n}{chapter.1}% 15
\BOOKMARK [1][-]{section.1.9}{\376\377\000O\000b\000j\000e\000c\000t\000i\000f}{chapter.1}% 16
\BOOKMARK [0][-]{chapter.2}{\376\377\000\040\000L\000e\000s\000\040\000S\000e\000r\000v\000e\000u\000r\000s}{}% 17
\BOOKMARK [1][-]{section.2.1}{\376\377\000D\000\351\000f\000i\000n\000i\000t\000i\000o\000n\000s}{chapter.2}% 18
\BOOKMARK [1][-]{section.2.2}{\376\377\000L\000e\000s\000\040\000S\000e\000r\000v\000e\000u\000r\000s\000\040\000W\000e\000b}{chapter.2}% 19
\BOOKMARK [2][-]{subsection.2.2.1}{\376\377\000Q\000u\000e\000l\000q\000u\000e\000s\000\040\000v\000u\000l\000n\000\351\000r\000a\000b\000i\000l\000i\000t\000\351\000s\000\040\000S\000u\000r\000\040\000L\000e\000s\000\040\000S\000e\000r\000v\000e\000u\000r\000s\000\040\000W\000e\000b\000\040}{section.2.2}% 20
\BOOKMARK [1][-]{section.2.3}{\376\377\000S\000e\000r\000v\000e\000u\000r\000s\000\040\000d\000e\000\040\000M\000e\000s\000s\000a\000g\000e\000r\000i\000e\000s}{chapter.2}% 21
\BOOKMARK [2][-]{subsection.2.3.1}{\376\377\000Q\000u\000e\000l\000q\000u\000e\000s\000\040\000v\000u\000l\000n\000\351\000r\000a\000b\000i\000l\000i\000t\000\351\000s\000\040\000S\000u\000r\000\040\000L\000e\000s\000\040\000S\000e\000r\000v\000e\000u\000r\000s\000\040\000d\000e\000\040\000M\000e\000s\000s\000a\000g\000e\000r\000i\000e\000s\000\040}{section.2.3}% 22
\BOOKMARK [1][-]{section.2.4}{\376\377\000S\000e\000r\000v\000e\000u\000r\000\040\000d\000e\000\040\000f\000i\000c\000h\000i\000e\000r\000s}{chapter.2}% 23
\BOOKMARK [2][-]{subsection.2.4.1}{\376\377\000Q\000u\000e\000l\000q\000u\000e\000s\000\040\000v\000u\000l\000n\000\351\000r\000a\000b\000i\000l\000i\000t\000\351\000s\000\040\000S\000u\000r\000\040\000L\000e\000s\000\040\000S\000e\000r\000v\000e\000u\000r\000s\000\040\000d\000e\000\040\000F\000i\000c\000h\000i\000e\000r}{section.2.4}% 24
\BOOKMARK [1][-]{section.2.5}{\376\377\000S\000e\000r\000v\000e\000u\000r\000\040\000d\000e\000\040\000B\000a\000s\000e\000\040\000d\000e\000\040\000D\000o\000n\000n\000\351\000e\000s\000\040}{chapter.2}% 25
\BOOKMARK [2][-]{subsection.2.5.1}{\376\377\000Q\000u\000e\000l\000q\000u\000e\000s\000\040\000v\000u\000l\000n\000\351\000r\000a\000b\000i\000l\000i\000t\000\351\000s\000\040\000S\000u\000r\000\040\000L\000e\000s\000\040\000S\000e\000r\000v\000e\000u\000r\000s\000\040\000d\000e\000\040\000B\000a\000s\000e\000\040\000D\000e\000\040\000D\000o\000n\000n\000e\000s\000\040}{section.2.5}% 26
\BOOKMARK [1][-]{section.2.6}{\376\377\000S\000e\000r\000v\000e\000u\000r\000\040\000d\000'\000A\000p\000p\000l\000i\000c\000a\000t\000i\000o\000n}{chapter.2}% 27
\BOOKMARK [2][-]{subsection.2.6.1}{\376\377\000Q\000u\000e\000l\000q\000u\000e\000s\000\040\000v\000u\000l\000n\000\351\000r\000a\000b\000i\000l\000i\000t\000\351\000s\000\040\000S\000u\000r\000\040\000L\000e\000s\000\040\000S\000e\000r\000v\000e\000u\000r\000s\000\040\000d\000'\000A\000p\000p\000l\000i\000c\000a\000t\000i\000o\000n\000\040}{section.2.6}% 28
\BOOKMARK [1][-]{section.2.7}{\376\377\000S\000e\000r\000v\000e\000u\000r\000\040\000D\000N\000S}{chapter.2}% 29
\BOOKMARK [2][-]{subsection.2.7.1}{\376\377\000Q\000u\000e\000l\000q\000u\000e\000s\000\040\000v\000u\000l\000n\000\351\000r\000a\000b\000i\000l\000i\000t\000\351\000s\000\040\000S\000u\000r\000\040\000L\000e\000s\000\040\000S\000e\000r\000v\000e\000u\000r\000s\000\040\000D\000N\000S\000\040}{section.2.7}% 30
\BOOKMARK [1][-]{section.2.8}{\376\377\000S\000e\000r\000v\000e\000u\000r\000\040\000d\000e\000\040\000J\000e\000u}{chapter.2}% 31
\BOOKMARK [0][-]{chapter.3}{\376\377\000L\000a\000\040\000C\000y\000b\000e\000r\000S\000\351\000c\000u\000r\000i\000t\000\351\000\040\000e\000t\000\040\000L\000a\000\040\000S\000\351\000c\000u\000r\000i\000t\000\351\000\040\000I\000n\000f\000o\000r\000m\000a\000t\000i\000q\000u\000e}{}% 32
\BOOKMARK [1][-]{section.3.1}{\376\377\000L\000a\000\040\000C\000y\000b\000e\000r\000S\000\351\000c\000u\000r\000i\000t\000\351}{chapter.3}% 33
\BOOKMARK [2][-]{subsection.3.1.1}{\376\377\000D\000\351\000f\000i\000n\000i\000t\000i\000o\000n}{section.3.1}% 34
\BOOKMARK [2][-]{subsection.3.1.2}{\376\377\000P\000o\000u\000r\000q\000u\000o\000i\000\040\000l\000a\000\040\000c\000y\000b\000e\000r\000s\000\351\000c\000u\000r\000i\000t\000\351\000\040\000e\000s\000t\000-\000e\000l\000l\000e\000\040\000n\000\351\000c\000e\000s\000s\000a\000i\000r\000e\000\040\000?}{section.3.1}% 35
\BOOKMARK [2][-]{subsection.3.1.3}{\376\377\000C\000o\000m\000m\000e\000n\000t\000\040\000l\000e\000s\000\040\000r\000i\000s\000q\000u\000e\000s\000\040\000d\000e\000\040\000c\000y\000b\000e\000r\000s\000\351\000c\000u\000r\000i\000t\000\351\000\040\000s\000o\000n\000t\000-\000i\000l\000s\000\040\000m\000e\000s\000u\000r\000\351\000s\000\040\000?}{section.3.1}% 36
\BOOKMARK [2][-]{subsection.3.1.4}{\376\377\000C\000y\000b\000e\000r\000s\000\351\000c\000u\000r\000i\000t\000\351\000\040\000a\000v\000e\000c\000\040\000d\000\351\000f\000e\000n\000s\000e\000\040\000e\000n\000\040\000p\000r\000o\000f\000o\000n\000d\000e\000u\000r\000\040\000\050\000D\000E\000P\000\051}{section.3.1}% 37
\BOOKMARK [2][-]{subsection.3.1.5}{\376\377\000C\000o\000m\000m\000e\000n\000t\000\040\000m\000e\000t\000t\000r\000e\000\040\000e\000n\000\040\001\123\000u\000v\000r\000e\000\040\000l\000a\000\040\000c\000y\000b\000e\000r\000s\000\351\000c\000u\000r\000i\000t\000\351}{section.3.1}% 38
\BOOKMARK [1][-]{section.3.2}{\376\377\000B\000u\000t}{chapter.3}% 39
\BOOKMARK [1][-]{section.3.3}{\376\377\000o\000b\000j\000e\000c\000t\000i\000f}{chapter.3}% 40
\BOOKMARK [1][-]{section.3.4}{\376\377\000L\000a\000\040\000S\000\351\000c\000u\000r\000i\000t\000\351\000\040\000I\000n\000f\000o\000r\000m\000a\000t\000i\000q\000u\000e\000\040}{chapter.3}% 41
\BOOKMARK [2][-]{subsection.3.4.1}{\376\377\000D\000\351\000f\000i\000n\000i\000t\000i\000o\000n}{section.3.4}% 42
\BOOKMARK [1][-]{section.3.5}{\376\377\000L\000a\000\040\000s\000\351\000c\000u\000r\000i\000t\000\351\000\040\000i\000n\000f\000o\000r\000m\000a\000t\000i\000q\000u\000e\000,\000\040\000p\000o\000u\000r\000\040\000q\000u\000o\000i\000\040\000f\000a\000i\000r\000e\000\040\000?}{chapter.3}% 43
\BOOKMARK [1][-]{section.3.6}{\376\377\000T\000y\000p\000e\000s\000\040\000d\000e\000\040\000s\000\351\000c\000u\000r\000i\000t\000\351\000\040\000i\000n\000f\000o\000r\000m\000a\000t\000i\000q\000u\000e}{chapter.3}% 44
\BOOKMARK [1][-]{section.3.7}{\376\377\000S\000\351\000c\000u\000r\000i\000t\000\351\000\040\000i\000n\000f\000o\000r\000m\000a\000t\000i\000q\000u\000e\000\040\000e\000t\000\040\000s\000\351\000c\000u\000r\000i\000t\000\351\000\040\000d\000e\000s\000\040\000i\000n\000f\000o\000r\000m\000a\000t\000i\000o\000n\000s\000,\000\040\000q\000u\000e\000l\000l\000e\000\040\000d\000i\000f\000f\000\351\000r\000e\000n\000c\000e\000\040\000?}{chapter.3}% 45
\BOOKMARK [1][-]{section.3.8}{\376\377\000S\000\351\000c\000u\000r\000i\000t\000\351\000\040\000i\000n\000f\000o\000r\000m\000a\000t\000i\000q\000u\000e\000\040\000e\000t\000\040\000c\000y\000b\000e\000r\000s\000\351\000c\000u\000r\000i\000t\000\351\000,\000\040\000q\000u\000e\000l\000l\000e\000\040\000d\000i\000f\000f\000\351\000r\000e\000n\000c\000e\000\040\000?}{chapter.3}% 46
\BOOKMARK [1][-]{section.3.9}{\376\377\000R\000i\000s\000q\000u\000e\000s\000\040\000a\000s\000s\000o\000c\000i\000\351\000s\000\040\000\340\000\040\000l\000a\000\040\000s\000\351\000c\000u\000r\000i\000t\000\351\000\040\000i\000n\000f\000o\000r\000m\000a\000t\000i\000q\000u\000e}{chapter.3}% 47
\BOOKMARK [1][-]{section.3.10}{\376\377\000B\000o\000n\000n\000e\000s\000\040\000p\000r\000a\000t\000i\000q\000u\000e\000s\000\040\000e\000n\000\040\000m\000a\000t\000i\000\350\000r\000e\000\040\000d\000e\000\040\000s\000\351\000c\000u\000r\000i\000t\000\351\000\040\000i\000n\000f\000o\000r\000m\000a\000t\000i\000q\000u\000e}{chapter.3}% 48
\BOOKMARK [0][-]{chapter.4}{\376\377\000L\000a\000\040\000C\000o\000n\000f\000i\000g\000u\000r\000a\000t\000i\000o\000n\000\040\000D\000u\000\040\000S\000e\000r\000v\000e\000u\000r\000\040\000W\000e\000b\000\040\000\050\000I\000S\000S\000\051\000\040\000E\000t\000\040\000L\000a\000\040\000S\000\351\000c\000u\000r\000i\000s\000a\000t\000i\000o\000n\000\040\000d\000e\000\040\000c\000e\000\040\000d\000e\000r\000n\000i\000e\000r\000\040}{}% 49
