This is pdfTeX, Version 3.141592653-2.6-1.40.25 (MiKTeX 23.4) (preloaded format=pdflatex 2023.7.1)  18 JUL 2023 14:27
entering extended mode
 restricted \write18 enabled.
 %&-line parsing enabled.
**./Memoire_Tshibangu_Ntumba_2023_L3_INFOReseau.tex
(Memoire_Tshibangu_Ntumba_2023_L3_INFOReseau.tex
LaTeX2e <2022-11-01> patch level 1
L3 programming layer <2023-03-30>
(C:\Users\Kenny . A\AppData\Local\Programs\MiKTeX\tex/latex/koma-script\scrrepr
t.cls
Document Class: scrreprt 2023/04/24 v3.40 KOMA-Script document class (report)

(C:\Users\Kenny . A\AppData\Local\Programs\MiKTeX\tex/latex/koma-script\scrkbas
e.sty
Package: scrkbase 2023/04/24 v3.40 KOMA-Script package (KOMA-Script-dependent b
asics and keyval usage)

(C:\Users\Kenny . A\AppData\Local\Programs\MiKTeX\tex/latex/koma-script\scrbase
.sty
Package: scrbase 2023/04/24 v3.40 KOMA-Script package (KOMA-Script-independent 
basics and keyval usage)

(C:\Users\Kenny . A\AppData\Local\Programs\MiKTeX\tex/latex/koma-script\scrlfil
e.sty
Package: scrlfile 2023/04/24 v3.40 KOMA-Script package (file load hooks)

(C:\Users\Kenny . A\AppData\Local\Programs\MiKTeX\tex/latex/koma-script\scrlfil
e-hook.sty
Package: scrlfile-hook 2023/04/24 v3.40 KOMA-Script package (using LaTeX hooks)


(C:\Users\Kenny . A\AppData\Local\Programs\MiKTeX\tex/latex/koma-script\scrlogo
.sty
Package: scrlogo 2023/04/24 v3.40 KOMA-Script package (logo)
)))
(C:\Users\Kenny . A\AppData\Local\Programs\MiKTeX\tex/latex/graphics\keyval.sty
Package: keyval 2022/05/29 v1.15 key=value parser (DPC)
\KV@toks@=\toks16
)
Applying: [2021/05/01] Usage of raw or classic option list on input line 252.
Already applied: [0000/00/00] Usage of raw or classic option list on input line
 368.
))
(C:\Users\Kenny . A\AppData\Local\Programs\MiKTeX\tex/latex/koma-script\tocbasi
c.sty
Package: tocbasic 2023/04/24 v3.40 KOMA-Script package (handling toc-files)
\scr@dte@tocline@numberwidth=\skip48
\scr@dte@tocline@numbox=\box51
)
Package tocbasic Info: omitting babel extension for `toc'
(tocbasic)             because of feature `nobabel' available
(tocbasic)             for `toc' on input line 135.
Class scrreprt Info: You've used standard option `oneside'.
(scrreprt)           This is correct!
(scrreprt)           Internally I'm using `twoside=false'.
(scrreprt)           If you'd like to set the option with \KOMAoptions,
(scrreprt)           you'd have to use `twoside=false' there
(scrreprt)           instead of `oneside', too.
Class scrreprt Info: File `scrsize12pt.clo' used to setup font sizes on input l
ine 2668.

(C:\Users\Kenny . A\AppData\Local\Programs\MiKTeX\tex/latex/koma-script\scrsize
12pt.clo
File: scrsize12pt.clo 2023/04/24 v3.40 KOMA-Script font size class option (12pt
)
)
(C:\Users\Kenny . A\AppData\Local\Programs\MiKTeX\tex/latex/koma-script\typeare
a.sty
Package: typearea 2023/04/24 v3.40 KOMA-Script package (type area)
\ta@bcor=\skip49
\ta@div=\count185
Package typearea Info: You've used standard option `oneside'.
(typearea)             This is correct!
(typearea)             Internally I'm using `twoside=false'.
(typearea)             If you'd like to set the option with \KOMAoptions,
(typearea)             you'd have to use `twoside=false' there
(typearea)             instead of `oneside', too.
\ta@hblk=\skip50
\ta@vblk=\skip51
\ta@temp=\skip52
\footheight=\skip53
Package typearea Info: These are the values describing the layout:
(typearea)             DIV  = 12
(typearea)             BCOR = 0.0pt
(typearea)             \paperwidth      = 597.50793pt
(typearea)              \textwidth      = 448.13095pt
(typearea)              DIV departure   = -6%
(typearea)              \evensidemargin = 2.4185pt
(typearea)              \oddsidemargin  = 2.4185pt
(typearea)             \paperheight     = 845.04694pt
(typearea)              \textheight     = 548.5pt
(typearea)              \topmargin      = -1.84941pt
(typearea)              \headheight     = 18.125pt
(typearea)              \headsep        = 21.75pt
(typearea)              \topskip        = 12.0pt
(typearea)              \footskip       = 50.75pt
(typearea)              \baselineskip   = 14.5pt
(typearea)              on input line 1798.
)
\c@part=\count186
\c@chapter=\count187
\c@section=\count188
\c@subsection=\count189
\c@subsubsection=\count190
\c@paragraph=\count191
\c@subparagraph=\count192
\scr@dte@chapter@maxnumwidth=\skip54
Class scrreprt Info: using compatibility default `afterindent=bysign'
(scrreprt)           for `\chapter on input line 5961.
\scr@dte@section@maxnumwidth=\skip55
Class scrreprt Info: using compatibility default `runin=bysign'
(scrreprt)           for `\section on input line 5972.
Class scrreprt Info: using compatibility default `afterindent=bysign'
(scrreprt)           for `\section on input line 5972.
\scr@dte@part@maxnumwidth=\skip56
Class scrreprt Info: using compatibility default `afterindent=true'
(scrreprt)           for `\part on input line 5981.
\scr@dte@subsection@maxnumwidth=\skip57
Class scrreprt Info: using compatibility default `runin=bysign'
(scrreprt)           for `\subsection on input line 5991.
Class scrreprt Info: using compatibility default `afterindent=bysign'
(scrreprt)           for `\subsection on input line 5991.
\scr@dte@subsubsection@maxnumwidth=\skip58
Class scrreprt Info: using compatibility default `runin=bysign'
(scrreprt)           for `\subsubsection on input line 6001.
Class scrreprt Info: using compatibility default `afterindent=bysign'
(scrreprt)           for `\subsubsection on input line 6001.
\scr@dte@paragraph@maxnumwidth=\skip59
Class scrreprt Info: using compatibility default `runin=bysign'
(scrreprt)           for `\paragraph on input line 6012.
Class scrreprt Info: using compatibility default `afterindent=bysign'
(scrreprt)           for `\paragraph on input line 6012.
\scr@dte@subparagraph@maxnumwidth=\skip60
Class scrreprt Info: using compatibility default `runin=bysign'
(scrreprt)           for `\subparagraph on input line 6022.
Class scrreprt Info: using compatibility default `afterindent=bysign'
(scrreprt)           for `\subparagraph on input line 6022.
\abovecaptionskip=\skip61
\belowcaptionskip=\skip62
\c@pti@nb@sid@b@x=\box52
Package tocbasic Info: omitting babel extension for `lof'
(tocbasic)             because of feature `nobabel' available
(tocbasic)             for `lof' on input line 7199.
\scr@dte@figure@maxnumwidth=\skip63
\c@figure=\count193
Package tocbasic Info: omitting babel extension for `lot'
(tocbasic)             because of feature `nobabel' available
(tocbasic)             for `lot' on input line 7216.
\scr@dte@table@maxnumwidth=\skip64
\c@table=\count194
Class scrreprt Info: Redefining `\numberline' on input line 7387.
\bibindent=\dimen140
)
(C:\Users\Kenny . A\AppData\Local\Programs\MiKTeX\tex/latex/graphics\graphicx.s
ty
Package: graphicx 2021/09/16 v1.2d Enhanced LaTeX Graphics (DPC,SPQR)

(C:\Users\Kenny . A\AppData\Local\Programs\MiKTeX\tex/latex/graphics\graphics.s
ty
Package: graphics 2022/03/10 v1.4e Standard LaTeX Graphics (DPC,SPQR)

(C:\Users\Kenny . A\AppData\Local\Programs\MiKTeX\tex/latex/graphics\trig.sty
Package: trig 2021/08/11 v1.11 sin cos tan (DPC)
)
(C:\Users\Kenny . A\AppData\Local\Programs\MiKTeX\tex/latex/graphics-cfg\graphi
cs.cfg
File: graphics.cfg 2016/06/04 v1.11 sample graphics configuration
)
Package graphics Info: Driver file: pdftex.def on input line 107.

(C:\Users\Kenny . A\AppData\Local\Programs\MiKTeX\tex/latex/graphics-def\pdftex
.def
File: pdftex.def 2022/09/22 v1.2b Graphics/color driver for pdftex
))
\Gin@req@height=\dimen141
\Gin@req@width=\dimen142
)
(C:\Users\Kenny . A\AppData\Local\Programs\MiKTeX\tex/generic/babel\babel.sty
Package: babel 2023/03/28 3.87 The Babel package
\babel@savecnt=\count195
\U@D=\dimen143
\l@unhyphenated=\language79

(C:\Users\Kenny . A\AppData\Local\Programs\MiKTeX\tex/generic/babel\txtbabel.de
f)
\bbl@readstream=\read2
\bbl@dirlevel=\count196

*************************************
* Local config file bblopts.cfg used
*
(C:\Users\Kenny . A\AppData\Local\Programs\MiKTeX\tex/latex/arabi\bblopts.cfg
File: bblopts.cfg 2005/09/08 v0.1 add Arabic and Farsi to "declared" options of
 babel
)
(C:\Users\Kenny . A\AppData\Local\Programs\MiKTeX\tex/generic/babel-french\fren
ch.ldf
Language: french 2023/03/08 v3.5q French support from the babel system
Package babel Info: Hyphen rules for 'acadian' set to \l@french
(babel)             (\language22). Reported on input line 91.
Package babel Info: Hyphen rules for 'canadien' set to \l@french
(babel)             (\language22). Reported on input line 92.
\FB@nonchar=\count197
Package babel Info: Making : an active character on input line 395.
Package babel Info: Making ; an active character on input line 396.
Package babel Info: Making ! an active character on input line 397.
Package babel Info: Making ? an active character on input line 398.
\FBguill@level=\count198
\FBold@everypar=\toks17
\FB@Mht=\dimen144
\mc@charclass=\count199
\mc@charfam=\count266
\mc@charslot=\count267
\std@mcc=\count268
\dec@mcc=\count269
\FB@parskip=\dimen145
\listindentFB=\dimen146
\descindentFB=\dimen147
\labelindentFB=\dimen148
\labelwidthFB=\dimen149
\leftmarginFB=\dimen150
\parindentFFN=\dimen151
\FBfnindent=\dimen152
))
(C:\Users\Kenny . A\AppData\Local\Programs\MiKTeX\tex/generic/babel/locale/fr\b
abel-french.tex
Package babel Info: Importing font and identification data for french
(babel)             from babel-fr.ini. Reported on input line 11.
)
(C:\Users\Kenny . A\AppData\Local\Programs\MiKTeX\tex/latex/carlisle\scalefnt.s
ty)
(C:\Users\Kenny . A\AppData\Local\Programs\MiKTeX\tex/latex/base\inputenc.sty
Package: inputenc 2021/02/14 v1.3d Input encoding file
\inpenc@prehook=\toks18
\inpenc@posthook=\toks19
)
(C:\Users\Kenny . A\AppData\Local\Programs\MiKTeX\tex/latex/base\fontenc.sty
Package: fontenc 2021/04/29 v2.0v Standard LaTeX package
)
(C:\Users\Kenny . A\AppData\Local\Programs\MiKTeX\tex/latex/classicthesis\class
icthesis.sty
Package: classicthesis 2018/06/03 v4.6 Typographic style for a classic-looking 
thesis

(C:\Users\Kenny . A\AppData\Local\Programs\MiKTeX\tex/latex/base\ifthen.sty
Package: ifthen 2022/04/13 v1.1d Standard LaTeX ifthen package (DPC)
)
(C:\Users\Kenny . A\AppData\Local\Programs\MiKTeX\tex/latex/kvoptions\kvoptions
.sty
Package: kvoptions 2022-06-15 v3.15 Key value format for package options (HO)

(C:\Users\Kenny . A\AppData\Local\Programs\MiKTeX\tex/generic/ltxcmds\ltxcmds.s
ty
Package: ltxcmds 2020-05-10 v1.25 LaTeX kernel commands for general use (HO)
)
(C:\Users\Kenny . A\AppData\Local\Programs\MiKTeX\tex/latex/kvsetkeys\kvsetkeys
.sty
Package: kvsetkeys 2022-10-05 v1.19 Key value parser (HO)
))
(C:\Users\Kenny . A\AppData\Local\Programs\MiKTeX\tex/generic/iftex\ifpdf.sty
Package: ifpdf 2019/10/25 v3.4 ifpdf legacy package. Use iftex instead.

(C:\Users\Kenny . A\AppData\Local\Programs\MiKTeX\tex/generic/iftex\iftex.sty
Package: iftex 2022/02/03 v1.0f TeX engine tests
))
(C:\Users\Kenny . A\AppData\Local\Programs\MiKTeX\tex/generic/iftex\ifxetex.sty
Package: ifxetex 2019/10/25 v0.7 ifxetex legacy package. Use iftex instead.
)
(C:\Users\Kenny . A\AppData\Local\Programs\MiKTeX\tex/generic/iftex\ifluatex.st
y
Package: ifluatex 2019/10/25 v1.5 ifluatex legacy package. Use iftex instead.
)
(C:\Users\Kenny . A\AppData\Local\Programs\MiKTeX\tex/latex/xcolor\xcolor.sty
Package: xcolor 2022/06/12 v2.14 LaTeX color extensions (UK)

(C:\Users\Kenny . A\AppData\Local\Programs\MiKTeX\tex/latex/graphics-cfg\color.
cfg
File: color.cfg 2016/01/02 v1.6 sample color configuration
)
Package xcolor Info: Driver file: pdftex.def on input line 227.

(C:\Users\Kenny . A\AppData\Local\Programs\MiKTeX\tex/latex/graphics\mathcolor.
ltx)
Package xcolor Info: Model `cmy' substituted by `cmy0' on input line 1353.
Package xcolor Info: Model `hsb' substituted by `rgb' on input line 1357.
Package xcolor Info: Model `RGB' extended on input line 1369.
Package xcolor Info: Model `HTML' substituted by `rgb' on input line 1371.
Package xcolor Info: Model `Hsb' substituted by `hsb' on input line 1372.
Package xcolor Info: Model `tHsb' substituted by `hsb' on input line 1373.
Package xcolor Info: Model `HSB' substituted by `hsb' on input line 1374.
Package xcolor Info: Model `Gray' substituted by `gray' on input line 1375.
Package xcolor Info: Model `wave' substituted by `hsb' on input line 1376.

(C:\Users\Kenny . A\AppData\Local\Programs\MiKTeX\tex/latex/graphics\dvipsnam.d
ef
File: dvipsnam.def 2016/06/17 v3.0m Driver-dependent file (DPC,SPQR)
))
(C:\Users\Kenny . A\AppData\Local\Programs\MiKTeX\tex/latex/psnfss\mathpazo.sty
Package: mathpazo 2020/03/25 PSNFSS-v9.3 Palatino w/ Pazo Math (D.Puga, WaS) 
\symupright=\mathgroup4
) (C:\Users\Kenny . A\AppData\Local\Programs\MiKTeX\tex/latex/bera\beramono.sty
Package: beramono 2004/01/31 (WaS)
)
LaTeX Font Info:    Trying to load font information for T1+pplj on input line 2
02.
 (C:\Users\Kenny . A\AppData\Local\Programs\MiKTeX\tex/latex/psnfss\t1pplj.fd
File: t1pplj.fd 2004/09/06 font definitions for T1/pplj.
)
(C:\Users\Kenny . A\AppData\Local\Programs\MiKTeX\tex/latex/microtype\microtype
.sty
Package: microtype 2023/03/13 v3.1a Micro-typographical refinements (RS)

(C:\Users\Kenny . A\AppData\Local\Programs\MiKTeX\tex/latex/etoolbox\etoolbox.s
ty
Package: etoolbox 2020/10/05 v2.5k e-TeX tools for LaTeX (JAW)
\etb@tempcnta=\count270
)
\MT@toks=\toks20
\MT@tempbox=\box53
\MT@count=\count271
LaTeX Info: Redefining \noprotrusionifhmode on input line 1059.
LaTeX Info: Redefining \leftprotrusion on input line 1060.
\MT@prot@toks=\toks21
LaTeX Info: Redefining \rightprotrusion on input line 1078.
LaTeX Info: Redefining \textls on input line 1368.
\MT@outer@kern=\dimen153
LaTeX Info: Redefining \textmicrotypecontext on input line 1988.
\MT@listname@count=\count272

(C:\Users\Kenny . A\AppData\Local\Programs\MiKTeX\tex/latex/microtype\microtype
-pdftex.def
File: microtype-pdftex.def 2023/03/13 v3.1a Definitions specific to pdftex (RS)

LaTeX Info: Redefining \lsstyle on input line 902.
LaTeX Info: Redefining \lslig on input line 902.
\MT@outer@space=\skip65
)
Package microtype Info: Loading configuration file microtype.cfg.

(C:\Users\Kenny . A\AppData\Local\Programs\MiKTeX\tex/latex/microtype\microtype
.cfg
File: microtype.cfg 2023/03/13 v3.1a microtype main configuration file (RS)
))
Package classicthesis Info: A4 paper, Palatino or other on input line 251.
Package typearea Info: These are the values describing the layout:
(typearea)             DIV  = areaset
(typearea)             BCOR = 0.0pt
(typearea)             \paperwidth      = 597.50793pt
(typearea)              \textwidth      = 336.0pt
(typearea)              \evensidemargin = 58.48398pt
(typearea)              \oddsidemargin  = 58.48398pt
(typearea)             \paperheight     = 845.04694pt
(typearea)              \textheight     = 660.5pt
(typearea)              \topmargin      = -40.58768pt
(typearea)              \headheight     = 17.0pt
(typearea)              \headsep        = 21.75pt
(typearea)              \topskip        = 12.0pt
(typearea)              \footskip       = 50.75pt
(typearea)              \baselineskip   = 14.5pt
(typearea)              on input line 251.

(C:\Users\Kenny . A\AppData\Local\Programs\MiKTeX\tex/latex/mparhack\mparhack.s
ty
Package: mparhack 2021-05-02 v1.5 (T. Sgouros and S. Ulrich)
)
(C:\Users\Kenny . A\AppData\Local\Programs\MiKTeX\tex/latex/booktabs\booktabs.s
ty
Package: booktabs 2020/01/12 v1.61803398 Publication quality tables
\heavyrulewidth=\dimen154
\lightrulewidth=\dimen155
\cmidrulewidth=\dimen156
\belowrulesep=\dimen157
\belowbottomsep=\dimen158
\aboverulesep=\dimen159
\abovetopsep=\dimen160
\cmidrulesep=\dimen161
\cmidrulekern=\dimen162
\defaultaddspace=\dimen163
\@cmidla=\count273
\@cmidlb=\count274
\@aboverulesep=\dimen164
\@belowrulesep=\dimen165
\@thisruleclass=\count275
\@lastruleclass=\count276
\@thisrulewidth=\dimen166
)
(C:\Users\Kenny . A\AppData\Local\Programs\MiKTeX\tex/latex/textcase\textcase.s
ty
Package: textcase 2022/07/10 v1.03 Text only upper/lower case changing (DPC)
Package textcase Info: Defining Legacy names on input line 20.
)
Package classicthesis Info: Using microtype for character spacing.Make sure you
r pdflatex is version 1.40 or higher. on input line 321.

(C:\Users\Kenny . A\AppData\Local\Programs\MiKTeX\tex/latex/koma-script\scrlaye
r-scrpage.sty
Package: scrlayer-scrpage 2023/04/24 v3.40 KOMA-Script package (end user interf
ace for scrlayer)

(C:\Users\Kenny . A\AppData\Local\Programs\MiKTeX\tex/latex/koma-script\scrlaye
r.sty
Package: scrlayer 2023/04/24 v3.40 KOMA-Script package (defining layers and pag
e styles)
Package scrlayer Info: patching LaTeX kernel macro \pagestyle on input line 217
6.
)
Package scrlayer-scrpage Info: Makeing stand-alone element `pagehead' from
(scrlayer-scrpage)             alias to `pageheadfoot' on input line 1097.
)
1: section
1: chapter
1: chapter
1: section

Class scrreprt Warning: Usage of package `titlesec' together
(scrreprt)              with a KOMA-Script class is not recommended.
(scrreprt)              I'd suggest to use KOMA-Script features
(scrreprt)              like \setkomafont, \RedeclareSectionCommand, \sectionli
nesformat
(scrreprt)              and several others to re-configure section
(scrreprt)              headings.
(scrreprt)              Nevertheless, using requested
(scrreprt)              package `titlesec' on input line 362.


(C:\Users\Kenny . A\AppData\Local\Programs\MiKTeX\tex/latex/titlesec\titlesec.s
ty
Package: titlesec 2021/07/05 v2.14 Sectioning titles
\ttl@box=\box54
\beforetitleunit=\skip66
\aftertitleunit=\skip67
\ttl@plus=\dimen167
\ttl@minus=\dimen168
\ttl@toksa=\toks22
\titlewidth=\dimen169
\titlewidthlast=\dimen170
\titlewidthfirst=\dimen171


Package titlesec Warning: Non standard sectioning command \section
(titlesec)                detected. Using default spacing and no format.


Package titlesec Warning: Non standard sectioning command \subsection
(titlesec)                detected. Using default spacing and no format.


Package titlesec Warning: Non standard sectioning command \subsubsection
(titlesec)                detected. Using default spacing and no format.


Package titlesec Warning: Non standard sectioning command \paragraph
(titlesec)                detected. Using default spacing and no format.


Package titlesec Warning: Non standard sectioning command \subparagraph
(titlesec)                detected. Using default spacing and no format.

)

Class scrreprt Warning: Usage of package `tocloft' together
(scrreprt)              with a KOMA-Script class is not recommended.
(scrreprt)              I'd suggest to use options like `listof=entryprefix',
(scrreprt)              commands like `\listoflofentryname' or
(scrreprt)              `\listoflotentryname', and `\DeclareTOCStyleEntry' or
(scrreprt)              `\RedeclareSectionCommand' instead of this package,
(scrreprt)              because it breaks several KOMA-Script features of
(scrreprt)              the list of figures, list of tables and table of
(scrreprt)              contents, i.e., options like `listof=numbered',
(scrreprt)              `listof=flat or `toc=flat', commands like
(scrreprt)              `\BeforeTOCHead{...}' and `\AfterTOCHead{...}',
(scrreprt)              `\BeforeStartingTOC{...}' and \AfterStartingTOC{...}',
(scrreprt)              all features of `\DeclareTOCStyleEntry',
(scrreprt)              and the ToC entry features of `\DeclareSecionCommand'
(scrreprt)              and `\RedeclareSectionCommand' of levels
(scrreprt)              `part', `section', `subsection',
(scrreprt)              `subsubsection', `paragraph' and `subparagraph'.
(scrreprt)              Nevertheless, using requested
(scrreprt)              package `tocloft' on input line 416.


(C:\Users\Kenny . A\AppData\Local\Programs\MiKTeX\tex/latex/tocloft\tocloft.sty
Package: tocloft 2017/08/31 v2.3i parameterised ToC, etc., typesetting
Package tocloft Info: The document has chapter divisions on input line 51.
\cftparskip=\skip68
\cftbeforetoctitleskip=\skip69
\cftaftertoctitleskip=\skip70
\cftbeforepartskip=\skip71
\cftpartnumwidth=\skip72
\cftpartindent=\skip73
\cftbeforechapskip=\skip74
\cftchapindent=\skip75
\cftchapnumwidth=\skip76
\cftbeforesecskip=\skip77
\cftsecindent=\skip78
\cftsecnumwidth=\skip79
\cftbeforesubsecskip=\skip80
\cftsubsecindent=\skip81
\cftsubsecnumwidth=\skip82
\cftbeforesubsubsecskip=\skip83
\cftsubsubsecindent=\skip84
\cftsubsubsecnumwidth=\skip85
\cftbeforeparaskip=\skip86
\cftparaindent=\skip87
\cftparanumwidth=\skip88
\cftbeforesubparaskip=\skip89
\cftsubparaindent=\skip90
\cftsubparanumwidth=\skip91
\cftbeforeloftitleskip=\skip92
\cftafterloftitleskip=\skip93
\cftbeforefigskip=\skip94
\cftfigindent=\skip95
\cftfignumwidth=\skip96
\c@lofdepth=\count277
\c@lotdepth=\count278
\cftbeforelottitleskip=\skip97
\cftafterlottitleskip=\skip98
\cftbeforetabskip=\skip99
\cfttabindent=\skip100
\cfttabnumwidth=\skip101
)
\newnumberwidth=\skip102
\beforebibskip=\skip103
\newchnumberwidth=\skip104
\figurelabelwidth=\skip105
\tablelabelwidth=\skip106
 Using KOMA-command "deffootnote" for footnote setup
(C:\Users\Kenny . A\AppData\Local\Programs\MiKTeX\tex/latex/koma-script\scrtime
.sty
Package: scrtime 2023/04/24 v3.40 KOMA-Script package (time of LaTeX run)
)
(C:\Users\Kenny . A\AppData\Local\Programs\MiKTeX\tex/latex/caption\caption.sty
Package: caption 2023/03/12 v3.6j Customizing captions (AR)

(C:\Users\Kenny . A\AppData\Local\Programs\MiKTeX\tex/latex/caption\caption3.st
y
Package: caption3 2023/03/12 v2.4 caption3 kernel (AR)
\caption@tempdima=\dimen172
\captionmargin=\dimen173
\caption@leftmargin=\dimen174
\caption@rightmargin=\dimen175
\caption@width=\dimen176
\caption@indent=\dimen177
\caption@parindent=\dimen178
\caption@hangindent=\dimen179
Package caption Info: KOMA-Script document class detected.
Package caption Info: french babel package is loaded.

(C:\Users\Kenny . A\AppData\Local\Programs\MiKTeX\tex/latex/caption\caption-kom
a.sto
File: caption-koma.sto 2022/12/27 v2.0c Adaption of the caption package to the 
KOMA-Script document classes (AR)
))
\c@caption@flags=\count279
\c@continuedfloat=\count280
Package caption Info: KOMA-Script scrextend package detected.
\caption@addmargin@hsize=\dimen180
\caption@addmargin@linewidth=\dimen181
)
(C:\Users\Kenny . A\AppData\Local\Programs\MiKTeX\tex/latex/carlisle\remreset.s
ty

Package remreset Warning: The remreset package is obsolete:
(remreset)                \@removefromreset is defined.

)
(C:\Users\Kenny . A\AppData\Local\Programs\MiKTeX\tex/latex/hyperref\hyperref.s
ty
Package: hyperref 2023-02-07 v7.00v Hypertext links for LaTeX

(C:\Users\Kenny . A\AppData\Local\Programs\MiKTeX\tex/generic/pdftexcmds\pdftex
cmds.sty
Package: pdftexcmds 2020-06-27 v0.33 Utility functions of pdfTeX for LuaTeX (HO
)

(C:\Users\Kenny . A\AppData\Local\Programs\MiKTeX\tex/generic/infwarerr\infware
rr.sty
Package: infwarerr 2019/12/03 v1.5 Providing info/warning/error messages (HO)
)
Package pdftexcmds Info: \pdf@primitive is available.
Package pdftexcmds Info: \pdf@ifprimitive is available.
Package pdftexcmds Info: \pdfdraftmode found.
)
(C:\Users\Kenny . A\AppData\Local\Programs\MiKTeX\tex/generic/kvdefinekeys\kvde
finekeys.sty
Package: kvdefinekeys 2019-12-19 v1.6 Define keys (HO)
)
(C:\Users\Kenny . A\AppData\Local\Programs\MiKTeX\tex/generic/pdfescape\pdfesca
pe.sty
Package: pdfescape 2019/12/09 v1.15 Implements pdfTeX's escape features (HO)
)
(C:\Users\Kenny . A\AppData\Local\Programs\MiKTeX\tex/latex/hycolor\hycolor.sty
Package: hycolor 2020-01-27 v1.10 Color options for hyperref/bookmark (HO)
)
(C:\Users\Kenny . A\AppData\Local\Programs\MiKTeX\tex/latex/letltxmacro\letltxm
acro.sty
Package: letltxmacro 2019/12/03 v1.6 Let assignment for LaTeX macros (HO)
)
(C:\Users\Kenny . A\AppData\Local\Programs\MiKTeX\tex/latex/auxhook\auxhook.sty
Package: auxhook 2019-12-17 v1.6 Hooks for auxiliary files (HO)
)
(C:\Users\Kenny . A\AppData\Local\Programs\MiKTeX\tex/latex/hyperref\nameref.st
y
Package: nameref 2022-05-17 v2.50 Cross-referencing by name of section

(C:\Users\Kenny . A\AppData\Local\Programs\MiKTeX\tex/latex/refcount\refcount.s
ty
Package: refcount 2019/12/15 v3.6 Data extraction from label references (HO)
)
(C:\Users\Kenny . A\AppData\Local\Programs\MiKTeX\tex/generic/gettitlestring\ge
ttitlestring.sty
Package: gettitlestring 2019/12/15 v1.6 Cleanup title references (HO)
)
\c@section@level=\count281
)
\@linkdim=\dimen182
\Hy@linkcounter=\count282
\Hy@pagecounter=\count283

(C:\Users\Kenny . A\AppData\Local\Programs\MiKTeX\tex/latex/hyperref\pd1enc.def
File: pd1enc.def 2023-02-07 v7.00v Hyperref: PDFDocEncoding definition (HO)
Now handling font encoding PD1 ...
... no UTF-8 mapping file for font encoding PD1
)
(C:\Users\Kenny . A\AppData\Local\Programs\MiKTeX\tex/generic/intcalc\intcalc.s
ty
Package: intcalc 2019/12/15 v1.3 Expandable calculations with integers (HO)
)
(C:\Users\Kenny . A\AppData\Local\Programs\MiKTeX\tex/generic/etexcmds\etexcmds
.sty
Package: etexcmds 2019/12/15 v1.7 Avoid name clashes with e-TeX commands (HO)
)
\Hy@SavedSpaceFactor=\count284

(C:\Users\Kenny . A\AppData\Local\Programs\MiKTeX\tex/latex/hyperref\puenc.def
File: puenc.def 2023-02-07 v7.00v Hyperref: PDF Unicode definition (HO)
Now handling font encoding PU ...
... no UTF-8 mapping file for font encoding PU
)
Package hyperref Info: Option `hyperfootnotes' set `false' on input line 4060.
Package hyperref Info: Hyper figures OFF on input line 4177.
Package hyperref Info: Link nesting OFF on input line 4182.
Package hyperref Info: Hyper index ON on input line 4185.
Package hyperref Info: Plain pages OFF on input line 4192.
Package hyperref Info: Backreferencing OFF on input line 4197.
Package hyperref Info: Implicit mode ON; LaTeX internals redefined.
Package hyperref Info: Bookmarks ON on input line 4425.
\c@Hy@tempcnt=\count285
(C:\Users\Kenny . A\AppData\Local\Programs\MiKTeX\tex/latex/url\url.sty
\Urlmuskip=\muskip16
Package: url 2013/09/16  ver 3.4  Verb mode for urls, etc.
)
LaTeX Info: Redefining \url on input line 4763.
\XeTeXLinkMargin=\dimen183

(C:\Users\Kenny . A\AppData\Local\Programs\MiKTeX\tex/generic/bitset\bitset.sty
Package: bitset 2019/12/09 v1.3 Handle bit-vector datatype (HO)

(C:\Users\Kenny . A\AppData\Local\Programs\MiKTeX\tex/generic/bigintcalc\bigint
calc.sty
Package: bigintcalc 2019/12/15 v1.5 Expandable calculations on big integers (HO
)
))
\Fld@menulength=\count286
\Field@Width=\dimen184
\Fld@charsize=\dimen185
Package hyperref Info: Hyper figures OFF on input line 6042.
Package hyperref Info: Link nesting OFF on input line 6047.
Package hyperref Info: Hyper index ON on input line 6050.
Package hyperref Info: backreferencing OFF on input line 6057.
Package hyperref Info: Link coloring OFF on input line 6062.
Package hyperref Info: Link coloring with OCG OFF on input line 6067.
Package hyperref Info: PDF/A mode OFF on input line 6072.

(C:\Users\Kenny . A\AppData\Local\Programs\MiKTeX\tex/latex/base\atbegshi-ltx.s
ty
Package: atbegshi-ltx 2021/01/10 v1.0c Emulation of the original atbegshi
package with kernel methods
)
\Hy@abspage=\count287
\c@Item=\count288
)
Package hyperref Info: Driver (autodetected): hpdftex.

(C:\Users\Kenny . A\AppData\Local\Programs\MiKTeX\tex/latex/hyperref\hpdftex.de
f
File: hpdftex.def 2023-02-07 v7.00v Hyperref driver for pdfTeX

(C:\Users\Kenny . A\AppData\Local\Programs\MiKTeX\tex/latex/base\atveryend-ltx.
sty
Package: atveryend-ltx 2020/08/19 v1.0a Emulation of the original atveryend pac
kage
with kernel methods
)
\Fld@listcount=\count289
\c@bookmark@seq@number=\count290

(C:\Users\Kenny . A\AppData\Local\Programs\MiKTeX\tex/latex/rerunfilecheck\reru
nfilecheck.sty
Package: rerunfilecheck 2022-07-10 v1.10 Rerun checks for auxiliary files (HO)

(C:\Users\Kenny . A\AppData\Local\Programs\MiKTeX\tex/generic/uniquecounter\uni
quecounter.sty
Package: uniquecounter 2019/12/15 v1.4 Provide unlimited unique counter (HO)
)
Package uniquecounter Info: New unique counter `rerunfilecheck' on input line 2
85.
)
\Hy@SectionHShift=\skip107
)
Package hyperref Info: Option `colorlinks' set `true' on input line 679.
Package hyperref Info: Option `linktocpage' set `true' on input line 679.
Package hyperref Info: Option `breaklinks' set `true' on input line 679.
)
(C:\Users\Kenny . A\AppData\Local\Programs\MiKTeX\tex/latex/csquotes\csquotes.s
ty
Package: csquotes 2022-09-14 v5.2n context-sensitive quotations (JAW)
\csq@reset=\count291
\csq@gtype=\count292
\csq@glevel=\count293
\csq@qlevel=\count294
\csq@maxlvl=\count295
\csq@tshold=\count296
\csq@ltx@everypar=\toks23

(C:\Users\Kenny . A\AppData\Local\Programs\MiKTeX\tex/latex/csquotes\csquotes.d
ef
File: csquotes.def 2022-09-14 v5.2n csquotes generic definitions (JAW)
)
Package csquotes Info: Trying to load configuration file 'csquotes.cfg'...
Package csquotes Info: ... configuration file loaded successfully.

(C:\Users\Kenny . A\AppData\Local\Programs\MiKTeX\tex/latex/csquotes\csquotes.c
fg
File: csquotes.cfg 
))
(C:\Users\Kenny . A\AppData\Local\Programs\MiKTeX\tex/latex/acronym\acronym.sty
Package: acronym 2020/04/17 v1.47 Support for acronyms (Tobias Oetiker)
(C:\Users\Kenny . A\AppData\Local\Programs\MiKTeX\tex/latex/bigfoot\suffix.sty
Package: suffix 2006/07/15 1.5a Variant command support
)
(C:\Users\Kenny . A\AppData\Local\Programs\MiKTeX\tex/latex/xstring\xstring.sty

(C:\Users\Kenny . A\AppData\Local\Programs\MiKTeX\tex/generic/xstring\xstring.t
ex
\integerpart=\count297
\decimalpart=\count298
)
Package: xstring 2023/01/14 v1.85 String manipulations (CT)
)
\AC@clearlist=\toks24
)
(C:\Users\Kenny . A\AppData\Local\Programs\MiKTeX\tex/latex/subfiles\subfiles.s
ty
Package: subfiles 2020/11/14 v2.2 Multi-file projects (package)

(C:\Users\Kenny . A\AppData\Local\Programs\MiKTeX\tex/latex/import\import.sty
Package: import 2020/04/01  v 6.2
))
(C:\Users\Kenny . A\AppData\Local\Programs\MiKTeX\tex/latex/geometry\geometry.s
ty
Package: geometry 2020/01/02 v5.9 Page Geometry

(C:\Users\Kenny . A\AppData\Local\Programs\MiKTeX\tex/generic/iftex\ifvtex.sty
Package: ifvtex 2019/10/25 v1.7 ifvtex legacy package. Use iftex instead.
)
\Gm@cnth=\count299
\Gm@cntv=\count300
\c@Gm@tempcnt=\count301
\Gm@bindingoffset=\dimen186
\Gm@wd@mp=\dimen187
\Gm@odd@mp=\dimen188
\Gm@even@mp=\dimen189
\Gm@layoutwidth=\dimen190
\Gm@layoutheight=\dimen191
\Gm@layouthoffset=\dimen192
\Gm@layoutvoffset=\dimen193
\Gm@dimlist=\toks25

(C:\Users\Kenny . A\AppData\Local\Programs\MiKTeX\tex/latex/geometry\geometry.c
fg))
(C:\Users\Kenny . A\AppData\Local\Programs\MiKTeX\tex/latex/base\fontenc.sty
Package: fontenc 2021/04/29 v2.0v Standard LaTeX package
)
(C:\Users\Kenny . A\AppData\Local\Programs\MiKTeX\tex/latex/tools\longtable.sty
Package: longtable 2021-09-01 v4.17 Multi-page Table package (DPC)
\LTleft=\skip108
\LTright=\skip109
\LTpre=\skip110
\LTpost=\skip111
\LTchunksize=\count302
\LTcapwidth=\dimen194
\LT@head=\box55
\LT@firsthead=\box56
\LT@foot=\box57
\LT@lastfoot=\box58
\LT@gbox=\box59
\LT@cols=\count303
\LT@rows=\count304
\c@LT@tables=\count305
\c@LT@chunks=\count306
\LT@p@ftn=\toks26
)
Class scrreprt Info: longtable captions redefined on input line 26.
Package hyperref Info: Option `colorlinks' set `true' on input line 37.
Package csquotes Info: Checking for multilingual support...
Package csquotes Info: ... found 'babel' package.
Package csquotes Info: Adjusting default style.
Package csquotes Info: Redefining alias 'default' -> 'french'.

(C:\Users\Kenny . A\AppData\Local\Programs\MiKTeX\tex/latex/l3backend\l3backend
-pdftex.def
File: l3backend-pdftex.def 2023-03-30 L3 backend support: PDF output (pdfTeX)
\l__color_backend_stack_int=\count307
\l__pdf_internal_box=\box60
) (Memoire_Tshibangu_Ntumba_2023_L3_INFOReseau.aux
(Introduction_Tshibangu_Ntumba.aux) (chapitre_2Memoire.aux)
(cybersecuritechapitre.aux) (chapitreConfigurationISS.aux) (Conclusion.aux)
(bibliographie.aux))
\openout1 = `Memoire_Tshibangu_Ntumba_2023_L3_INFOReseau.aux'.

LaTeX Font Info:    Checking defaults for OML/cmm/m/it on input line 38.
LaTeX Font Info:    ... okay on input line 38.
LaTeX Font Info:    Checking defaults for OMS/cmsy/m/n on input line 38.
LaTeX Font Info:    ... okay on input line 38.
LaTeX Font Info:    Checking defaults for OT1/cmr/m/n on input line 38.
LaTeX Font Info:    ... okay on input line 38.
LaTeX Font Info:    Checking defaults for T1/cmr/m/n on input line 38.
LaTeX Font Info:    ... okay on input line 38.
LaTeX Font Info:    Checking defaults for TS1/cmr/m/n on input line 38.
LaTeX Font Info:    ... okay on input line 38.
LaTeX Font Info:    Checking defaults for OMX/cmex/m/n on input line 38.
LaTeX Font Info:    ... okay on input line 38.
LaTeX Font Info:    Checking defaults for U/cmr/m/n on input line 38.
LaTeX Font Info:    ... okay on input line 38.
LaTeX Font Info:    Checking defaults for PD1/pdf/m/n on input line 38.
LaTeX Font Info:    ... okay on input line 38.
LaTeX Font Info:    Checking defaults for PU/pdf/m/n on input line 38.
LaTeX Font Info:    ... okay on input line 38.

(C:\Users\Kenny . A\AppData\Local\Programs\MiKTeX\tex/context/base/mkii\supp-pd
f.mkii
[Loading MPS to PDF converter (version 2006.09.02).]
\scratchcounter=\count308
\scratchdimen=\dimen195
\scratchbox=\box61
\nofMPsegments=\count309
\nofMParguments=\count310
\everyMPshowfont=\toks27
\MPscratchCnt=\count311
\MPscratchDim=\dimen196
\MPnumerator=\count312
\makeMPintoPDFobject=\count313
\everyMPtoPDFconversion=\toks28
)
(C:\Users\Kenny . A\AppData\Local\Programs\MiKTeX\tex/latex/epstopdf-pkg\epstop
df-base.sty
Package: epstopdf-base 2020-01-24 v2.11 Base part for package epstopdf
Package epstopdf-base Info: Redefining graphics rule for `.eps' on input line 4
85.

(C:\Users\Kenny . A\AppData\Local\Programs\MiKTeX\tex/latex/00miktex\epstopdf-s
ys.cfg
File: epstopdf-sys.cfg 2021/03/18 v2.0 Configuration of epstopdf for MiKTeX
))
LaTeX Info: Redefining \degres on input line 38.
LaTeX Info: Redefining \up on input line 38.
\big@size=\dimen197
LaTeX Info: Redefining \microtypecontext on input line 38.
Package microtype Info: Applying patch `item' on input line 38.
Package microtype Info: Applying patch `toc' on input line 38.
Package microtype Info: Applying patch `eqnum' on input line 38.
Package microtype Info: Applying patch `footnote' on input line 38.
Package microtype Info: Applying patch `verbatim' on input line 38.
Package microtype Info: Generating PDF output.
Package microtype Info: Character protrusion enabled (level 2).
Package microtype Info: Using default protrusion set `alltext'.
Package microtype Info: Automatic font expansion enabled (level 2),
(microtype)             stretch: 20, shrink: 20, step: 1, non-selected.
Package microtype Info: Using default expansion set `alltext-nott'.
LaTeX Info: Redefining \showhyphens on input line 38.
Package microtype Info: No adjustment of tracking.
Package microtype Info: No adjustment of interword spacing.
Package microtype Info: No adjustment of character kerning.

(C:\Users\Kenny . A\AppData\Local\Programs\MiKTeX\tex/latex/microtype\mt-ppl.cf
g
File: mt-ppl.cfg 2005/11/16 v1.6 microtype config. file: Palatino (RS)
)

Package scrlayer-scrpage Warning: Very small head height detected!
(scrlayer-scrpage)                Using scrlayer-scrpage the head height
(scrlayer-scrpage)                should be at least \baselineskip, which is
(scrlayer-scrpage)                18.85004pt currently.
(scrlayer-scrpage)                But head height is currently 17.0pt only.
(scrlayer-scrpage)                You may use
(scrlayer-scrpage)                geometry option `head=18.85004pt'
(scrlayer-scrpage)                or load package `scrlayer-scrpage' with
(scrlayer-scrpage)                option `singlespacing=true'
(scrlayer-scrpage)                to avoid this warning.

Package caption Info: Begin \AtBeginDocument code.
Package caption Info: hyperref package is loaded.
Package caption Info: longtable package is loaded.

(C:\Users\Kenny . A\AppData\Local\Programs\MiKTeX\tex/latex/caption\ltcaption.s
ty
Package: ltcaption 2021/01/08 v1.4c longtable captions (AR)
)
Package caption Info: End \AtBeginDocument code.
Package hyperref Info: Link coloring ON on input line 38.
 (Memoire_Tshibangu_Ntumba_2023_L3_INFOReseau.out)
(Memoire_Tshibangu_Ntumba_2023_L3_INFOReseau.out)
\@outlinefile=\write3
\openout3 = `Memoire_Tshibangu_Ntumba_2023_L3_INFOReseau.out'.

Class scrreprt Info: loading recommended package `bookmark'.
(scrreprt)           Using `bookmark' together with `hyperref' is recommended,
(scrreprt)           because of handling of possible bookmark level gaps.
(scrreprt)           You can avoid loading `bookmark' with KOMA-Script option
(scrreprt)           `bookmarkpackage=false' before \begin{document} and
(scrreprt)           you can avoid this message adding:
(scrreprt)             \usepackage{bookmark}
(scrreprt)           before \begin{document} on input line 38.

(C:\Users\Kenny . A\AppData\Local\Programs\MiKTeX\tex/latex/bookmark\bookmark.s
ty
Package: bookmark 2020-11-06 v1.29 PDF bookmarks (HO)

(C:\Users\Kenny . A\AppData\Local\Programs\MiKTeX\tex/latex/bookmark\bkm-pdftex
.def
File: bkm-pdftex.def 2020-11-06 v1.29 bookmark driver for pdfTeX (HO)
\BKM@id=\count314
))
*geometry* driver: auto-detecting
*geometry* detected driver: pdftex
*geometry* verbose mode - [ preamble ] result:
* driver: pdftex
* paper: a4paper
* layout: <same size as paper>
* layoutoffset:(h,v)=(0.0pt,0.0pt)
* modes: 
* h-part:(L,W,R)=(56.9055pt, 483.69687pt, 56.9055pt)
* v-part:(T,H,B)=(56.9055pt, 731.23584pt, 56.9055pt)
* \paperwidth=597.50787pt
* \paperheight=845.04684pt
* \textwidth=483.69687pt
* \textheight=731.23584pt
* \oddsidemargin=-15.36449pt
* \evensidemargin=-15.36449pt
* \topmargin=-54.11449pt
* \headheight=17.0pt
* \headsep=21.75pt
* \topskip=12.0pt
* \footskip=50.75pt
* \marginparwidth=82.22992pt
* \marginparsep=23.49426pt
* \columnsep=10.0pt
* \skip\footins=10.8pt plus 4.0pt minus 2.0pt
* \hoffset=0.0pt
* \voffset=0.0pt
* \mag=1000
* \@twocolumnfalse
* \@twosidefalse
* \@mparswitchfalse
* \@reversemarginfalse
* (1in=72.27pt=25.4mm, 1cm=28.453pt)

\openout2 = `Introduction_Tshibangu_Ntumba.aux'.

(Introduction_Tshibangu_Ntumba.tex
<PhotoMemoire/Logo.jpg, id=3, 1927.2pt x 675.27281pt>
File: PhotoMemoire/Logo.jpg Graphic file (type jpg)
<use PhotoMemoire/Logo.jpg>
Package pdftex.def Info: PhotoMemoire/Logo.jpg  used on input line 15.
(pdftex.def)             Requested size: 338.58632pt x 118.62787pt.
LaTeX Font Info:    Trying to load font information for OT1+pplx on input line 
37.

(C:\Users\Kenny . A\AppData\Local\Programs\MiKTeX\tex/latex/psnfss\ot1pplx.fd
File: ot1pplx.fd 2004/09/06 font definitions for OT1/pplx.
)
LaTeX Font Info:    Trying to load font information for OML+zplm on input line 
37.

(C:\Users\Kenny . A\AppData\Local\Programs\MiKTeX\tex/latex/psnfss\omlzplm.fd
File: omlzplm.fd 2002/09/08 Fontinst v1.914 font definitions for OML/zplm.
)
LaTeX Font Info:    Trying to load font information for OMS+zplm on input line 
37.

(C:\Users\Kenny . A\AppData\Local\Programs\MiKTeX\tex/latex/psnfss\omszplm.fd
File: omszplm.fd 2002/09/08 Fontinst v1.914 font definitions for OMS/zplm.
)
LaTeX Font Info:    Trying to load font information for OMX+zplm on input line 
37.

(C:\Users\Kenny . A\AppData\Local\Programs\MiKTeX\tex/latex/psnfss\omxzplm.fd
File: omxzplm.fd 2002/09/08 Fontinst v1.914 font definitions for OMX/zplm.
)
LaTeX Font Info:    Trying to load font information for OT1+zplm on input line 
37.

(C:\Users\Kenny . A\AppData\Local\Programs\MiKTeX\tex/latex/psnfss\ot1zplm.fd
File: ot1zplm.fd 2002/09/08 Fontinst v1.914 font definitions for OT1/zplm.
)
Package microtype Info: Loading generic protrusion settings for font family
(microtype)             `zplm' (encoding: OT1).
(microtype)             For optimal results, create family-specific settings.
(microtype)             See the microtype manual for details.

[1


{C:/Users/Kenny . A/AppData/Local/MiKTeX/fonts/map/pdftex/pdftex.map}{C:/Users/
Kenny . A/AppData/Local/Programs/MiKTeX/fonts/enc/dvips/base/8r.enc} <./PhotoMe
moire/Logo.jpg>]
File: PhotoMemoire/Logo.jpg Graphic file (type jpg)
<use PhotoMemoire/Logo.jpg>
Package pdftex.def Info: PhotoMemoire/Logo.jpg  used on input line 65.
(pdftex.def)             Requested size: 289.06754pt x 101.28654pt.
 [2] [3


] [4


]

Package scrlayer-scrpage Warning: \headheight to low.
(scrlayer-scrpage)                At least 17.68002pt needed,
(scrlayer-scrpage)                but only 17.0pt found.
(scrlayer-scrpage)                I'll enlarge \headheight, for further
(scrlayer-scrpage)                processing, but you should do this yourself,
(scrlayer-scrpage)                e.g., setting geometry's option
(scrlayer-scrpage)                `head=17.68002pt'.
(scrlayer-scrpage)                I'll also decrease \topmargin on input line 1
38.


Overfull \vbox (0.68002pt too high) has occurred while \output is active []


[5] [6

] [7

]
Package tocbasic Info: character protrusion at toc deactivated on input line 17
7.
 (Memoire_Tshibangu_Ntumba_2023_L3_INFOReseau.toc
Package microtype Info: Character `029' is missing
(microtype)             in font `T1/pplj/m/sc/12'.
(microtype)             Ignoring protrusion settings for this character.
 [8

])
\tf@toc=\write4
\openout4 = `Memoire_Tshibangu_Ntumba_2023_L3_INFOReseau.toc'.

 [9] [10

]
Package tocbasic Info: character protrusion at lof deactivated on input line 21
8.

(Memoire_Tshibangu_Ntumba_2023_L3_INFOReseau.lof)
\tf@lof=\write5
\openout5 = `Memoire_Tshibangu_Ntumba_2023_L3_INFOReseau.lof'.

 [11

]
Package tocbasic Info: character protrusion at lot deactivated on input line 22
0.

(Memoire_Tshibangu_Ntumba_2023_L3_INFOReseau.lot)
\tf@lot=\write6
\openout6 = `Memoire_Tshibangu_Ntumba_2023_L3_INFOReseau.lot'.

 [12

]
Chapitre 1.

Underfull \hbox (badness 10000) in paragraph at lines 252--255

 []


pdfTeX warning (ext4): destination with the same identifier (name{page.1}) has 
been already used, duplicate ignored
<to be read again> 
                   \relax 
l.257 ...fis de sécurité associés aux serveurs}
                                                   [1

]
Underfull \hbox (badness 10000) in paragraph at lines 258--259

 []


Underfull \hbox (badness 10000) in paragraph at lines 267--268

 []

Package microtype Info: Character `029' is missing
(microtype)             in font `T1/pplj/m/sc/10.95'.
(microtype)             Ignoring protrusion settings for this character.

pdfTeX warning (ext4): destination with the same identifier (name{page.2}) has 
been already used, duplicate ignored
<to be read again> 
                   \relax 
l.272 \item[$\bullet$]
                      Utilisez un pare-feu :  Un pare-feu peut aider à pro...
[2]
Underfull \hbox (badness 10000) in paragraph at lines 285--287

 []


Underfull \hbox (badness 10000) in paragraph at lines 291--292

 []


pdfTeX warning (ext4): destination with the same identifier (name{page.3}) has 
been already used, duplicate ignored
<to be read again> 
                   \relax 
l.295    \begin
               {itemize} [3]
pdfTeX warning (ext4): destination with the same identifier (name{page.4}) has 
been already used, duplicate ignored
<to be read again> 
                   \relax 
l.319 
       [4])
pdfTeX warning (ext4): destination with the same identifier (name{page.5}) has 
been already used, duplicate ignored
<to be read again> 
                   \relax 
l.40 \include{Introduction_Tshibangu_Ntumba}
                                             [5]
\openout2 = `chapitre_2Memoire.aux'.

 (chapitre_2Memoire.tex
Chapitre 2.
<PhotoMemoire/salle-serveur.jpg, id=282, 401.5pt x 301.125pt>
File: PhotoMemoire/salle-serveur.jpg Graphic file (type jpg)
<use PhotoMemoire/salle-serveur.jpg>
Package pdftex.def Info: PhotoMemoire/salle-serveur.jpg  used on input line 7.
(pdftex.def)             Requested size: 338.58632pt x 253.95871pt.

pdfTeX warning (ext4): destination with the same identifier (name{page.6}) has 
been already used, duplicate ignored
<to be read again> 
                   \relax 
l.17  \subsection*{Rôles}
                           [6




 <./PhotoMemoire/salle-serveur.jpg>]
<PhotoMemoire/Server_web.png, id=288, 455.45157pt x 154.32657pt>
File: PhotoMemoire/Server_web.png Graphic file (type png)
<use PhotoMemoire/Server_web.png>
Package pdftex.def Info: PhotoMemoire/Server_web.png  used on input line 42.
(pdftex.def)             Requested size: 241.84843pt x 81.95045pt.

pdfTeX warning (ext4): destination with the same identifier (name{page.7}) has 
been already used, duplicate ignored
<to be read again> 
                   \relax 
l.45 \end{figure}
                  [7]
pdfTeX warning (ext4): destination with the same identifier (name{page.8}) has 
been already used, duplicate ignored
<to be read again> 
                   \relax 
l.55 ...s appareils également connectés.\newpage
                                                   [8 <./PhotoMemoire/Server_we
b.png>]
Underfull \hbox (badness 10000) in paragraph at lines 56--59

 []

<PhotoMemoire/serveurweb_fonct.jpg, id=310, 740.0448pt x 272.4579pt>
File: PhotoMemoire/serveurweb_fonct.jpg Graphic file (type jpg)
<use PhotoMemoire/serveurweb_fonct.jpg>
Package pdftex.def Info: PhotoMemoire/serveurweb_fonct.jpg  used on input line 
63.
(pdftex.def)             Requested size: 290.22107pt x 106.84848pt.

Underfull \hbox (badness 10000) in paragraph at lines 68--69

 []


Underfull \hbox (badness 10000) in paragraph at lines 76--77

 []

<PhotoMemoire/erruer404.png, id=313, 1417.295pt x 549.05125pt>
File: PhotoMemoire/erruer404.png Graphic file (type png)
<use PhotoMemoire/erruer404.png>
Package pdftex.def Info: PhotoMemoire/erruer404.png  used on input line 84.
(pdftex.def)             Requested size: 290.22107pt x 112.43056pt.

pdfTeX warning (ext4): destination with the same identifier (name{page.9}) has 
been already used, duplicate ignored
<to be read again> 
                   \relax 
l.88 
      [9 <./PhotoMemoire/serveurweb_fonct.jpg>]
Underfull \hbox (badness 10000) in paragraph at lines 91--92

 []


Underfull \hbox (badness 10000) in paragraph at lines 93--94

 []


Underfull \hbox (badness 10000) in paragraph at lines 95--96

 []


pdfTeX warning (ext4): destination with the same identifier (name{page.10}) has
 been already used, duplicate ignored
<to be read again> 
                   \relax 
l.103 	
        [10 <./PhotoMemoire/erruer404.png>]
Underfull \hbox (badness 10000) in paragraph at lines 110--111

 []


pdfTeX warning (ext4): destination with the same identifier (name{page.11}) has
 been already used, duplicate ignored
<to be read again> 
                   \relax 
l.126 \begin{enumerate}
                        [11]
pdfTeX warning (ext4): destination with the same identifier (name{page.12}) has
 been already used, duplicate ignored
<to be read again> 
                   \relax 
l.139 	 \item [$\bullet$]
                         \textbf{NGINX.\\} Un célèbre logiciel de serveur ...
[12] [13]
Underfull \hbox (badness 10000) in paragraph at lines 157--159

 []

<PhotoMemoire/Serveur_Messagerie.png, id=346, 708.52942pt x 471.88058pt>
File: PhotoMemoire/Serveur_Messagerie.png Graphic file (type png)
<use PhotoMemoire/Serveur_Messagerie.png>
Package pdftex.def Info: PhotoMemoire/Serveur_Messagerie.png  used on input lin
e 163.
(pdftex.def)             Requested size: 386.95897pt x 257.72064pt.

Underfull \hbox (badness 10000) in paragraph at lines 168--169

 []


Underfull \hbox (badness 10000) in paragraph at lines 170--171

 []


Underfull \hbox (badness 10000) in paragraph at lines 172--173

 []

[14 <./PhotoMemoire/Serveur_Messagerie.png (PNG copy)>]
Underfull \hbox (badness 10000) in paragraph at lines 174--175

 []

[15]
Underfull \hbox (badness 10000) in paragraph at lines 198--200

 []

<PhotoMemoire/serveur_fichier.png, id=358, 299.1175pt x 169.63374pt>
File: PhotoMemoire/serveur_fichier.png Graphic file (type png)
<use PhotoMemoire/serveur_fichier.png>
Package pdftex.def Info: PhotoMemoire/serveur_fichier.png  used on input line 2
04.
(pdftex.def)             Requested size: 386.95897pt x 219.46516pt.
[16 <./PhotoMemoire/serveur_fichier.png>] [17]
<PhotoMemoire/serveur_bdd.png, id=371, 301.125pt x 168.63pt>
File: PhotoMemoire/serveur_bdd.png Graphic file (type png)
<use PhotoMemoire/serveur_bdd.png>
Package pdftex.def Info: PhotoMemoire/serveur_bdd.png  used on input line 247.
(pdftex.def)             Requested size: 386.95897pt x 216.71793pt.
 [18 <./PhotoMemoire/serveur_bdd.png>] [19]
<PhotoMemoire/serveur_application.png, id=385, 281.05pt x 180.675pt>
File: PhotoMemoire/serveur_application.png Graphic file (type png)
<use PhotoMemoire/serveur_application.png>
Package pdftex.def Info: PhotoMemoire/serveur_application.png  used on input li
ne 296.
(pdftex.def)             Requested size: 386.95897pt x 248.77486pt.


LaTeX Warning: `h' float specifier changed to `ht'.


Underfull \hbox (badness 10000) in paragraph at lines 300--301

 []


Underfull \hbox (badness 10000) in paragraph at lines 302--303

 []

[20]
Underfull \hbox (badness 10000) in paragraph at lines 317--318

 []

[21 <./PhotoMemoire/serveur_application.png>]
Underfull \hbox (badness 10000) in paragraph at lines 331--333

 []

<PhotoMemoire/serveur_dns.jpeg, id=397, 305.14pt x 166.6225pt>
File: PhotoMemoire/serveur_dns.jpeg Graphic file (type jpg)
<use PhotoMemoire/serveur_dns.jpeg>
Package pdftex.def Info: PhotoMemoire/serveur_dns.jpeg  used on input line 337.

(pdftex.def)             Requested size: 386.95897pt x 211.3082pt.

LaTeX Warning: `h' float specifier changed to `ht'.


Underfull \hbox (badness 10000) in paragraph at lines 342--343

 []


Underfull \hbox (badness 10000) in paragraph at lines 344--345

 []


Underfull \hbox (badness 10000) in paragraph at lines 346--347

 []

[22]
Underfull \hbox (badness 10000) in paragraph at lines 367--368

 []

[23 <./PhotoMemoire/serveur_dns.jpeg>]
<PhotoMemoire/serveur_jeux.png, id=408, 390.45876pt x 129.48375pt>
File: PhotoMemoire/serveur_jeux.png Graphic file (type png)
<use PhotoMemoire/serveur_jeux.png>
Package pdftex.def Info: PhotoMemoire/serveur_jeux.png  used on input line 387.

(pdftex.def)             Requested size: 386.95897pt x 128.32956pt.


LaTeX Warning: `h' float specifier changed to `ht'.

[24] [25 <./PhotoMemoire/serveur_jeux.png>]) [26]
\openout2 = `cybersecuritechapitre.aux'.

 (cybersecuritechapitre.tex
Chapitre 3.

Underfull \hbox (badness 10000) in paragraph at lines 5--10

 []


Underfull \hbox (badness 10000) in paragraph at lines 11--14

 []


Underfull \hbox (badness 10000) in paragraph at lines 15--22

 []

[27




] [28]
Underfull \hbox (badness 10000) in paragraph at lines 43--44

 []


Underfull \hbox (badness 10000) in paragraph at lines 45--47

 []


Underfull \hbox (badness 10000) in paragraph at lines 48--51

 []


Underfull \hbox (badness 10000) in paragraph at lines 52--53

 []


Underfull \hbox (badness 10000) in paragraph at lines 54--55

 []

[29]
Underfull \hbox (badness 10000) in paragraph at lines 56--58

 []


Underfull \hbox (badness 10000) in paragraph at lines 59--62

 []


Underfull \hbox (badness 10000) in paragraph at lines 63--64

 []

<PhotoMemoire/tableauImpact.png, id=446, 591.20876pt x 428.60126pt>
File: PhotoMemoire/tableauImpact.png Graphic file (type png)
<use PhotoMemoire/tableauImpact.png>
Package pdftex.def Info: PhotoMemoire/tableauImpact.png  used on input line 69.

(pdftex.def)             Requested size: 338.58632pt x 245.46281pt.

Underfull \hbox (badness 10000) in paragraph at lines 75--78

 []

[30 <./PhotoMemoire/tableauImpact.png>]
Underfull \hbox (badness 10000) in paragraph at lines 79--80

 []


Underfull \hbox (badness 10000) in paragraph at lines 81--83

 []


Underfull \hbox (badness 10000) in paragraph at lines 84--86

 []


Underfull \hbox (badness 10000) in paragraph at lines 87--89

 []


Underfull \hbox (badness 10000) in paragraph at lines 90--92

 []

<PhotoMemoire/dep_image.png, id=454, 774.895pt x 461.725pt>
File: PhotoMemoire/dep_image.png Graphic file (type png)
<use PhotoMemoire/dep_image.png>
Package pdftex.def Info: PhotoMemoire/dep_image.png  used on input line 96.
(pdftex.def)             Requested size: 386.95897pt x 230.57307pt.

LaTeX Warning: `h' float specifier changed to `ht'.

[31]
Underfull \hbox (badness 10000) in paragraph at lines 109--112

 []


Underfull \hbox (badness 10000) in paragraph at lines 115--116

 []


Underfull \hbox (badness 10000) in paragraph at lines 117--118

 []

[32 <./PhotoMemoire/dep_image.png>]
Underfull \hbox (badness 10000) in paragraph at lines 119--120

 []


Underfull \hbox (badness 10000) in paragraph at lines 121--122

 []

<PhotoMemoire/image_oeuvre.png, id=467, 774.895pt x 460.72125pt>
File: PhotoMemoire/image_oeuvre.png Graphic file (type png)
<use PhotoMemoire/image_oeuvre.png>
Package pdftex.def Info: PhotoMemoire/image_oeuvre.png  used on input line 126.

(pdftex.def)             Requested size: 386.95897pt x 230.07182pt.

Underfull \hbox (badness 10000) in paragraph at lines 132--133

 []

[33 <./PhotoMemoire/image_oeuvre.png>]
Underfull \hbox (badness 10000) in paragraph at lines 134--135

 []


Underfull \hbox (badness 10000) in paragraph at lines 136--137

 []


Underfull \hbox (badness 10000) in paragraph at lines 138--139

 []


Underfull \hbox (badness 10000) in paragraph at lines 141--142

 []


Underfull \hbox (badness 10000) in paragraph at lines 143--144

 []

[34]
<PhotoMemoire/image_sec.png, id=480, 327.2225pt x 232.87pt>
File: PhotoMemoire/image_sec.png Graphic file (type png)
<use PhotoMemoire/image_sec.png>
Package pdftex.def Info: PhotoMemoire/image_sec.png  used on input line 148.
(pdftex.def)             Requested size: 241.84843pt x 172.11143pt.

Underfull \hbox (badness 10000) in paragraph at lines 161--162

 []


Underfull \hbox (badness 10000) in paragraph at lines 163--167

 []

[35 <./PhotoMemoire/image_sec.png>]
Underfull \hbox (badness 10000) in paragraph at lines 169--171

 []


Underfull \hbox (badness 10000) in paragraph at lines 173--176

 []


Underfull \hbox (badness 10000) in paragraph at lines 177--178

 []

[36]
Underfull \hbox (badness 10000) in paragraph at lines 182--187

 []


Underfull \hbox (badness 10000) in paragraph at lines 195--196

 []

[37]
Underfull \hbox (badness 10000) in paragraph at lines 197--198

 []


Underfull \hbox (badness 10000) in paragraph at lines 199--200

 []


Underfull \hbox (badness 10000) in paragraph at lines 201--202

 []


Underfull \hbox (badness 10000) in paragraph at lines 203--204

 []


Underfull \hbox (badness 10000) in paragraph at lines 205--206

 []


Underfull \hbox (badness 10000) in paragraph at lines 207--209

 []

[38]
Underfull \hbox (badness 10000) in paragraph at lines 213--214

 []


Underfull \hbox (badness 10000) in paragraph at lines 215--216

 []


Underfull \hbox (badness 10000) in paragraph at lines 218--219

 []


Underfull \hbox (badness 10000) in paragraph at lines 220--221

 []


Underfull \hbox (badness 10000) in paragraph at lines 222--223

 []


Underfull \hbox (badness 10000) in paragraph at lines 224--225

 []


Underfull \hbox (badness 10000) in paragraph at lines 226--227

 []


Underfull \hbox (badness 10000) in paragraph at lines 228--229

 []

[39]
Underfull \hbox (badness 10000) in paragraph at lines 230--231

 []


Underfull \hbox (badness 10000) in paragraph at lines 232--233

 []


Underfull \hbox (badness 10000) in paragraph at lines 235--236

 []


Underfull \hbox (badness 10000) in paragraph at lines 237--238

 []


Underfull \hbox (badness 10000) in paragraph at lines 239--240

 []


Underfull \hbox (badness 10000) in paragraph at lines 241--242

 []


Underfull \hbox (badness 10000) in paragraph at lines 243--244

 []


Underfull \hbox (badness 10000) in paragraph at lines 245--246

 []

[40]
Underfull \hbox (badness 10000) in paragraph at lines 247--248

 []


Underfull \hbox (badness 10000) in paragraph at lines 249--250

 []

<PhotoMemoire/tableau1_attaques.png, id=516, 442.65375pt x 258.9675pt>
File: PhotoMemoire/tableau1_attaques.png Graphic file (type png)
<use PhotoMemoire/tableau1_attaques.png>
Package pdftex.def Info: PhotoMemoire/tableau1_attaques.png  used on input line
 257.
(pdftex.def)             Requested size: 338.58632pt x 198.09366pt.
<PhotoMemoire/tableau2_attaques.png, id=517, 458.46281pt x 301.8778pt>
File: PhotoMemoire/tableau2_attaques.png Graphic file (type png)
<use PhotoMemoire/tableau2_attaques.png>
Package pdftex.def Info: PhotoMemoire/tableau2_attaques.png  used on input line
 264.
(pdftex.def)             Requested size: 338.58632pt x 222.95308pt.

LaTeX Warning: `h' float specifier changed to `ht'.


LaTeX Font Warning: Font shape `T1/pplj/b/sc' undefined
(Font)              using `T1/pplj/b/n' instead on input line 269.


Underfull \hbox (badness 10000) in paragraph at lines 272--273

 []

[41 <./PhotoMemoire/tableau1_attaques.png>]
Underfull \hbox (badness 10000) in paragraph at lines 274--275

 []


Underfull \hbox (badness 10000) in paragraph at lines 276--277

 []


Underfull \hbox (badness 10000) in paragraph at lines 278--279

 []

[42 <./PhotoMemoire/tableau2_attaques.png>]
<PhotoMemoire/newgenerationanti.png, id=528, 578.16pt x 403.5075pt>
File: PhotoMemoire/newgenerationanti.png Graphic file (type png)
<use PhotoMemoire/newgenerationanti.png>
Package pdftex.def Info: PhotoMemoire/newgenerationanti.png  used on input line
 292.
(pdftex.def)             Requested size: 435.32422pt x 303.81819pt.

Underfull \hbox (badness 10000) in paragraph at lines 308--312

 []

[43 <./PhotoMemoire/newgenerationanti.png>]
Underfull \hbox (badness 10000) in paragraph at lines 313--316

 []


Underfull \hbox (badness 10000) in paragraph at lines 317--319

 []


Underfull \hbox (badness 10000) in paragraph at lines 320--324

 []


Underfull \hbox (badness 10000) in paragraph at lines 328--330

 []

[44]) [45]
\openout2 = `chapitreConfigurationISS.aux'.

 (chapitreConfigurationISS.tex
Chapitre 4.
<PhotoMemoire/Xampp.png, id=549, 216.81pt x 124.21407pt>
File: PhotoMemoire/Xampp.png Graphic file (type png)
<use PhotoMemoire/Xampp.png>
Package pdftex.def Info: PhotoMemoire/Xampp.png  used on input line 5.
(pdftex.def)             Requested size: 193.47578pt x 110.85152pt.
<PhotoMemoire/Contro Panel.png, id=552, 1028.34187pt x 578.16pt>
File: PhotoMemoire/Contro Panel.png Graphic file (type png)
<use PhotoMemoire/Contro Panel.png>
Package pdftex.def Info: PhotoMemoire/Contro Panel.png  used on input line 18.
(pdftex.def)             Requested size: 338.58632pt x 190.3611pt.

Underfull \hbox (badness 10000) in paragraph at lines 23--24

 []

[46




 <./PhotoMemoire/Xampp.png> <./PhotoMemoire/Contro Panel.png>]
<PhotoMemoire/pfsense.png, id=564, 259.97125pt x 194.7275pt>
File: PhotoMemoire/pfsense.png Graphic file (type png)
<use PhotoMemoire/pfsense.png>
Package pdftex.def Info: PhotoMemoire/pfsense.png  used on input line 31.
(pdftex.def)             Requested size: 241.84843pt x 181.15411pt.

Underfull \hbox (badness 10000) in paragraph at lines 34--35

 []


Underfull \hbox (badness 10000) in paragraph at lines 36--37

 []


Underfull \hbox (badness 10000) in paragraph at lines 38--39

 []


Underfull \hbox (badness 10000) in paragraph at lines 40--41

 []


LaTeX Warning: `h' float specifier changed to `ht'.

<PhotoMemoire/interfacepfsense.png, id=567, 1028.34187pt x 578.16pt>
File: PhotoMemoire/interfacepfsense.png Graphic file (type png)
<use PhotoMemoire/interfacepfsense.png>
Package pdftex.def Info: PhotoMemoire/interfacepfsense.png  used on input line 
48.
(pdftex.def)             Requested size: 386.95897pt x 217.55933pt.

LaTeX Warning: `h' float specifier changed to `ht'.

<photo_memoireConfig/configurationInterfaceServeur.png, id=568, 1028.34187pt x 
578.16pt>
File: photo_memoireConfig/configurationInterfaceServeur.png Graphic file (type 
png)
<use photo_memoireConfig/configurationInterfaceServeur.png>
Package pdftex.def Info: photo_memoireConfig/configurationInterfaceServeur.png 
 used on input line 59.
(pdftex.def)             Requested size: 386.95897pt x 217.55933pt.

LaTeX Warning: `h' float specifier changed to `ht'.

<photo_memoireConfig/Global_settings.png, id=569, 1028.34187pt x 578.16pt>
File: photo_memoireConfig/Global_settings.png Graphic file (type png)
<use photo_memoireConfig/Global_settings.png>
Package pdftex.def Info: photo_memoireConfig/Global_settings.png  used on input
 line 66.
(pdftex.def)             Requested size: 386.95897pt x 217.55933pt.

LaTeX Warning: `h' float specifier changed to `ht'.

<photo_memoireConfig/Update_des Cles MD5.png, id=570, 1028.34187pt x 578.16pt>
File: photo_memoireConfig/Update_des Cles MD5.png Graphic file (type png)
<use photo_memoireConfig/Update_des Cles MD5.png>
Package pdftex.def Info: photo_memoireConfig/Update_des Cles MD5.png  used on i
nput line 73.
(pdftex.def)             Requested size: 386.95897pt x 217.55933pt.

LaTeX Warning: `h' float specifier changed to `ht'.

<photo_memoireConfig/Alert_ip.png, id=571, 1027.58907pt x 538.26094pt>
File: photo_memoireConfig/Alert_ip.png Graphic file (type png)
<use photo_memoireConfig/Alert_ip.png>
Package pdftex.def Info: photo_memoireConfig/Alert_ip.png  used on input line 8
6.
(pdftex.def)             Requested size: 386.95897pt x 202.69331pt.

LaTeX Warning: `h' float specifier changed to `ht'.

<photo_memoireConfig/Blocked_IP.png, id=572, 1027.58907pt x 537.50812pt>
File: photo_memoireConfig/Blocked_IP.png Graphic file (type png)
<use photo_memoireConfig/Blocked_IP.png>
Package pdftex.def Info: photo_memoireConfig/Blocked_IP.png  used on input line
 95.
(pdftex.def)             Requested size: 386.95897pt x 202.40982pt.

LaTeX Warning: `h' float specifier changed to `ht'.

<PhotoMemoire/Virtualbox.png, id=573, 456.70625pt x 111.41624pt>
File: PhotoMemoire/Virtualbox.png Graphic file (type png)
<use PhotoMemoire/Virtualbox.png>
Package pdftex.def Info: PhotoMemoire/Virtualbox.png  used on input line 104.
(pdftex.def)             Requested size: 386.95897pt x 94.40334pt.

Underfull \hbox (badness 10000) in paragraph at lines 107--108

 []


Underfull \hbox (badness 10000) in paragraph at lines 109--110

 []


Underfull \hbox (badness 10000) in paragraph at lines 111--112

 []


Underfull \hbox (badness 10000) in paragraph at lines 113--114

 []


LaTeX Warning: `h' float specifier changed to `ht'.

<PhotoMemoire/machineutilisee.png, id=575, 1028.34187pt x 578.16pt>
File: PhotoMemoire/machineutilisee.png Graphic file (type png)
<use PhotoMemoire/machineutilisee.png>
Package pdftex.def Info: PhotoMemoire/machineutilisee.png  used on input line 1
19.
(pdftex.def)             Requested size: 386.95897pt x 217.55933pt.

LaTeX Warning: `h' float specifier changed to `ht'.

<PhotoMemoire/serveur _Web.png, id=576, 1028.34187pt x 578.16pt>
File: PhotoMemoire/serveur _Web.png Graphic file (type png)
<use PhotoMemoire/serveur _Web.png>
Package pdftex.def Info: PhotoMemoire/serveur _Web.png  used on input line 126.

(pdftex.def)             Requested size: 386.95897pt x 217.55933pt.

LaTeX Warning: `h' float specifier changed to `ht'.

) [47] [48 <./PhotoMemoire/pfsense.png>] [49 <./PhotoMemoire/interfacepfsense.p
ng> <./photo_memoireConfig/configurationInterfaceServeur.png>] [50 <./photo_mem
oireConfig/Global_settings.png> <./photo_memoireConfig/Update_des Cles MD5.png>
] [51 <./photo_memoireConfig/Alert_ip.png> <./photo_memoireConfig/Blocked_IP.pn
g>] [52 <./PhotoMemoire/Virtualbox.png>] [53 <./PhotoMemoire/machineutilisee.pn
g> <./PhotoMemoire/serveur _Web.png>]
\openout2 = `Conclusion.aux'.

 (Conclusion.tex
Chapitre 5.
)
Underfull \hbox (badness 10000) in paragraph at lines 4--44

 []

[54




]
\openout2 = `bibliographie.aux'.

 (bibliographie.tex [55




]) [56]
(Memoire_Tshibangu_Ntumba_2023_L3_INFOReseau.aux
(Introduction_Tshibangu_Ntumba.aux) (chapitre_2Memoire.aux)
(cybersecuritechapitre.aux) (chapitreConfigurationISS.aux) (Conclusion.aux)
(bibliographie.aux))

LaTeX Font Warning: Some font shapes were not available, defaults substituted.

Package rerunfilecheck Info: File `Memoire_Tshibangu_Ntumba_2023_L3_INFOReseau.
out' has not changed.
(rerunfilecheck)             Checksum: D41D8CD98F00B204E9800998ECF8427E;0.
 ) 
Here is how much of TeX's memory you used:
 23443 strings out of 476331
 445072 string characters out of 5785842
 1868660 words of memory out of 5000000
 42726 multiletter control sequences out of 15000+600000
 618294 words of font info for 494 fonts, out of 8000000 for 9000
 1141 hyphenation exceptions out of 8191
 108i,24n,126p,10940b,898s stack positions out of 10000i,1000n,20000p,200000b,200000s
<C:/Users/Kenny . A/AppData/Local/Programs/MiKTeX/fonts/type1/public/amsfonts
/cm/cmsy10.pfb><C:/Users/Kenny . A/AppData/Local/Programs/MiKTeX/fonts/type1/pu
blic/fpl/fplbj8a.pfb><C:/Users/Kenny . A/AppData/Local/Programs/MiKTeX/fonts/ty
pe1/public/fpl/fplrc8a.pfb><C:/Users/Kenny . A/AppData/Local/Programs/MiKTeX/fo
nts/type1/public/fpl/fplrij8a.pfb><C:/Users/Kenny . A/AppData/Local/Programs/Mi
KTeX/fonts/type1/urw/palatino/uplb8a.pfb><C:/Users/Kenny . A/AppData/Local/Prog
rams/MiKTeX/fonts/type1/urw/palatino/uplr8a.pfb><C:/Users/Kenny . A/AppData/Loc
al/Programs/MiKTeX/fonts/type1/urw/palatino/uplri8a.pfb>
Output written on Memoire_Tshibangu_Ntumba_2023_L3_INFOReseau.pdf (68 pages, 29
57345 bytes).
PDF statistics:
 930 PDF objects out of 1000 (max. 8388607)
 223 named destinations out of 1000 (max. 500000)
 105607 words of extra memory for PDF output out of 106986 (max. 10000000)

